<?xml version="1.0" encoding="UTF-8" standalone="no"?>
<!DOCTYPE log SYSTEM "logger.dtd">
<log>
<record>
  <date>2019-04-08T16:22:23.188-0300</date>
  <logger>CILAS MEDEIROS DE FARIAS MARQUES</logger>
  <level>FINE</level>
  <message>File 118110386-CILAS MEDEIROS DE FARIAS MARQUES.zip was received. It was sent by CILAS MEDEIROS DE FARIAS MARQUES from IP 150.165.42.200</message>
</record>
</log>
<?xml version="1.0" encoding="UTF-8" standalone="no"?>
<!DOCTYPE log SYSTEM "logger.dtd">
<log>
<record>
  <date>2019-04-08T17:29:04.661-0300</date>
  <logger>CILAS MEDEIROS DE FARIAS MARQUES</logger>
  <level>FINE</level>
  <message>File 118110386-CILAS MEDEIROS DE FARIAS MARQUES.zip was received. It was sent by CILAS MEDEIROS DE FARIAS MARQUES from IP 150.165.42.200</message>
</record>
</log>
<?xml version="1.0" encoding="UTF-8" standalone="no"?>
<!DOCTYPE log SYSTEM "logger.dtd">
<log>
<record>
  <date>2019-04-08T17:49:13.415-0300</date>
  <logger>CILAS MEDEIROS DE FARIAS MARQUES</logger>
  <level>FINE</level>
  <message>File 118110386-CILAS MEDEIROS DE FARIAS MARQUES.zip was received. It was sent by CILAS MEDEIROS DE FARIAS MARQUES from IP 150.165.42.200</message>
</record>
</log>
<?xml version="1.0" encoding="UTF-8" standalone="no"?>
<!DOCTYPE log SYSTEM "logger.dtd">
<log>
<record>
  <date>2019-04-09T01:53:39.552-0300</date>
  <logger>CILAS MEDEIROS DE FARIAS MARQUES</logger>
  <level>FINE</level>
  <message>File 118110386-CILAS MEDEIROS DE FARIAS MARQUES.zip was received. It was sent by CILAS MEDEIROS DE FARIAS MARQUES from IP 10.0.0.106</message>
</record>
</log>
<?xml version="1.0" encoding="UTF-8" standalone="no"?>
<!DOCTYPE log SYSTEM "logger.dtd">
<log>
<record>
  <date>2019-04-09T01:54:54.875-0300</date>
  <logger>CILAS MEDEIROS DE FARIAS MARQUES</logger>
  <level>FINE</level>
  <message>File 118110386-CILAS MEDEIROS DE FARIAS MARQUES.zip was received. It was sent by CILAS MEDEIROS DE FARIAS MARQUES from IP 10.0.0.106</message>
</record>
</log>
<?xml version="1.0" encoding="UTF-8" standalone="no"?>
<!DOCTYPE log SYSTEM "logger.dtd">
<log>
<record>
  <date>2019-04-09T01:56:19.570-0300</date>
  <logger>CILAS MEDEIROS DE FARIAS MARQUES</logger>
  <level>FINE</level>
  <message>File 118110386-CILAS MEDEIROS DE FARIAS MARQUES.zip was received. It was sent by CILAS MEDEIROS DE FARIAS MARQUES from IP 10.0.0.106</message>
</record>
</log>
<?xml version="1.0" encoding="UTF-8" standalone="no"?>
<!DOCTYPE log SYSTEM "logger.dtd">
<log>
<record>
  <date>2019-04-09T01:58:18.452-0300</date>
  <logger>CILAS MEDEIROS DE FARIAS MARQUES</logger>
  <level>FINE</level>
  <message>File 118110386-CILAS MEDEIROS DE FARIAS MARQUES.zip was received. It was sent by CILAS MEDEIROS DE FARIAS MARQUES from IP 10.0.0.106</message>
</record>
