<?xml version="1.0" encoding="UTF-8" standalone="no"?>
<!DOCTYPE log SYSTEM "logger.dtd">
<log>
<record>
  <date>2019-04-04T14:07:32.670-0300</date>
  <logger>CILAS MEDEIROS DE FARIAS MARQUES</logger>
  <level>FINE</level>
  <message>File 118110386-CILAS MEDEIROS DE FARIAS MARQUES.zip was received. It was sent by CILAS MEDEIROS DE FARIAS MARQUES from IP 150.165.42.171</message>
</record>
</log>
<?xml version="1.0" encoding="UTF-8" standalone="no"?>
<!DOCTYPE log SYSTEM "logger.dtd">
<log>
<record>
  <date>2019-04-04T21:55:37.456-0300</date>
  <logger>CILAS MEDEIROS DE FARIAS MARQUES</logger>
  <level>FINE</level>
  <message>File 118110386-CILAS MEDEIROS DE FARIAS MARQUES.zip was received. It was sent by CILAS MEDEIROS DE FARIAS MARQUES from IP 10.0.0.105</message>
</record>
</log>
<?xml version="1.0" encoding="UTF-8" standalone="no"?>
<!DOCTYPE log SYSTEM "logger.dtd">
<log>
<record>
  <date>2019-04-04T21:58:24.770-0300</date>
  <logger>CILAS MEDEIROS DE FARIAS MARQUES</logger>
  <level>FINE</level>
  <message>File 118110386-CILAS MEDEIROS DE FARIAS MARQUES.zip was received. It was sent by CILAS MEDEIROS DE FARIAS MARQUES from IP 10.0.0.105</message>
</record>
</log>
<?xml version="1.0" encoding="UTF-8" standalone="no"?>
<!DOCTYPE log SYSTEM "logger.dtd">
<log>
<record>
  <date>2019-04-04T22:04:18.411-0300</date>
  <logger>CILAS MEDEIROS DE FARIAS MARQUES</logger>
  <level>FINE</level>
  <message>File 118110386-CILAS MEDEIROS DE FARIAS MARQUES.zip was received. It was sent by CILAS MEDEIROS DE FARIAS MARQUES from IP 10.0.0.105</message>
</record>
</log>
<?xml version="1.0" encoding="UTF-8" standalone="no"?>
<!DOCTYPE log SYSTEM "logger.dtd">
<log>
<record>
  <date>2019-04-04T22:39:51.596-0300</date>
  <logger>CILAS MEDEIROS DE FARIAS MARQUES</logger>
  <level>FINE</level>
  <message>File 118110386-CILAS MEDEIROS DE FARIAS MARQUES.zip was received. It was sent by CILAS MEDEIROS DE FARIAS MARQUES from IP 10.0.0.105</message>
</record>
</log>
<?xml version="1.0" encoding="UTF-8" standalone="no"?>
<!DOCTYPE log SYSTEM "logger.dtd">
<log>
<record>
  <date>2019-04-04T22:41:32.759-0300</date>
  <logger>CILAS MEDEIROS DE FARIAS MARQUES</logger>
  <level>FINE</level>
  <message>File 118110386-CILAS MEDEIROS DE FARIAS MARQUES.zip was received. It was sent by CILAS MEDEIROS DE FARIAS MARQUES from IP 10.0.0.105</message>
</record>
</log>
<?xml version="1.0" encoding="UTF-8" standalone="no"?>
<!DOCTYPE log SYSTEM "logger.dtd">
<log>
<record>
  <date>2019-04-04T22:42:51.755-0300</date>
  <logger>CILAS MEDEIROS DE FARIAS MARQUES</logger>
  <level>FINE</level>
  <message>File 118110386-CILAS MEDEIROS DE FARIAS MARQUES.zip was received. It was sent by CILAS MEDEIROS DE FARIAS MARQUES from IP 10.0.0.105</message>
</record>
</log>
<?xml version="1.0" encoding="UTF-8" standalone="no"?>
<!DOCTYPE log SYSTEM "logger.dtd">
<log>
<record>
  <date>2019-04-04T22:44:15.801-0300</date>
  <logger>CILAS MEDEIROS DE FARIAS MARQUES</logger>
  <level>FINE</level>
  <message>File 118110386-CILAS MEDEIROS DE FARIAS MARQUES.zip was received. It was sent by CILAS MEDEIROS DE FARIAS MARQUES from IP 10.0.0.105</message>
</record>
</log>
<?xml version="1.0" encoding="UTF-8" standalone="no"?>
<!DOCTYPE log SYSTEM "logger.dtd">
<log>
<record>
  <date>2019-04-04T22:46:12.167-0300</date>
  <logger>CILAS MEDEIROS DE FARIAS MARQUES</logger>
  <level>FINE</level>
  <message>File 118110386-CILAS MEDEIROS DE FARIAS MARQUES.zip was received. It was sent by CILAS MEDEIROS DE FARIAS MARQUES from IP 10.0.0.105</message>
</record>
</log>
<?xml version="1.0" encoding="UTF-8" standalone="no"?>
<!DOCTYPE log SYSTEM "logger.dtd">
<log>
<record>
  <date>2019-04-04T22:50:51.473-0300</date>
  <logger>CILAS MEDEIROS DE FARIAS MARQUES</logger>
  <level>FINE</level>
  <message>File 118110386-CILAS MEDEIROS DE FARIAS MARQUES.zip was received. It was sent by CILAS MEDEIROS DE FARIAS MARQUES from IP 10.0.0.105</message>
</record>
</log>
<?xml version="1.0" encoding="UTF-8" standalone="no"?>
<!DOCTYPE log SYSTEM "logger.dtd">
<log>
<record>
  <date>2019-04-04T22:52:54.038-0300</date>
  <logger>CILAS MEDEIROS DE FARIAS MARQUES</logger>
  <level>FINE</level>
  <message>File 118110386-CILAS MEDEIROS DE FARIAS MARQUES.zip was received. It was sent by CILAS MEDEIROS DE FARIAS MARQUES from IP 10.0.0.105</message>
</record>
</log>
<?xml version="1.0" encoding="UTF-8" standalone="no"?>
<!DOCTYPE log SYSTEM "logger.dtd">
<log>
<record>
  <date>2019-04-04T22:53:58.847-0300</date>
  <logger>CILAS MEDEIROS DE FARIAS MARQUES</logger>
  <level>FINE</level>
  <message>File 118110386-CILAS MEDEIROS DE FARIAS MARQUES.zip was received. It was sent by CILAS MEDEIROS DE FARIAS MARQUES from IP 10.0.0.105</message>
</record>
</log>
<?xml version="1.0" encoding="UTF-8" standalone="no"?>
<!DOCTYPE log SYSTEM "logger.dtd">
<log>
<record>
  <date>2019-04-04T22:54:18.328-0300</date>
  <logger>CILAS MEDEIROS DE FARIAS MARQUES</logger>
  <level>FINE</level>
  <message>File 118110386-CILAS MEDEIROS DE FARIAS MARQUES.zip was received. It was sent by CILAS MEDEIROS DE FARIAS MARQUES from IP 10.0.0.105</message>
</record>
</log>
<?xml version="1.0" encoding="UTF-8" standalone="no"?>
<!DOCTYPE log SYSTEM "logger.dtd">
<log>
<record>
  <date>2019-04-04T22:54:48.912-0300</date>
  <logger>CILAS MEDEIROS DE FARIAS MARQUES</logger>
  <level>FINE</level>
  <message>File 118110386-CILAS MEDEIROS DE FARIAS MARQUES.zip was received. It was sent by CILAS MEDEIROS DE FARIAS MARQUES from IP 10.0.0.105</message>
</record>
</log>
<?xml version="1.0" encoding="UTF-8" standalone="no"?>
<!DOCTYPE log SYSTEM "logger.dtd">
<log>
<record>
  <date>2019-04-04T22:59:42.558-0300</date>
  <logger>CILAS MEDEIROS DE FARIAS MARQUES</logger>
  <level>FINE</level>
  <message>File 118110386-CILAS MEDEIROS DE FARIAS MARQUES.zip was received. It was sent by CILAS MEDEIROS DE FARIAS MARQUES from IP 10.0.0.105</message>
</record>
</log>
<?xml version="1.0" encoding="UTF-8" standalone="no"?>
<!DOCTYPE log SYSTEM "logger.dtd">
<log>
<record>
  <date>2019-04-04T23:08:22.651-0300</date>
  <logger>CILAS MEDEIROS DE FARIAS MARQUES</logger>
  <level>FINE</level>
  <message>File 118110386-CILAS MEDEIROS DE FARIAS MARQUES.zip was received. It was sent by CILAS MEDEIROS DE FARIAS MARQUES from IP 10.0.0.105</message>
</record>
</log>
<?xml version="1.0" encoding="UTF-8" standalone="no"?>
<!DOCTYPE log SYSTEM "logger.dtd">
<log>
<record>
  <date>2019-04-04T23:08:47.658-0300</date>
  <logger>CILAS MEDEIROS DE FARIAS MARQUES</logger>
  <level>FINE</level>
  <message>File 118110386-CILAS MEDEIROS DE FARIAS MARQUES.zip was received. It was sent by CILAS MEDEIROS DE FARIAS MARQUES from IP 10.0.0.105</message>
</record>
</log>
<?xml version="1.0" encoding="UTF-8" standalone="no"?>
<!DOCTYPE log SYSTEM "logger.dtd">
<log>
<record>
  <date>2019-04-04T23:57:30.512-0300</date>
  <logger>CILAS MEDEIROS DE FARIAS MARQUES</logger>
  <level>FINE</level>
  <message>File 118110386-CILAS MEDEIROS DE FARIAS MARQUES.zip was received. It was sent by CILAS MEDEIROS DE FARIAS MARQUES from IP 10.0.0.105</message>
</record>
</log>
<?xml version="1.0" encoding="UTF-8" standalone="no"?>
<!DOCTYPE log SYSTEM "logger.dtd">
<log>
<record>
  <date>2019-04-04T23:58:54.686-0300</date>
  <logger>CILAS MEDEIROS DE FARIAS MARQUES</logger>
  <level>FINE</level>
  <message>File 118110386-CILAS MEDEIROS DE FARIAS MARQUES.zip was received. It was sent by CILAS MEDEIROS DE FARIAS MARQUES from IP 10.0.0.105</message>
</record>
</log>
<?xml version="1.0" encoding="UTF-8" standalone="no"?>
<!DOCTYPE log SYSTEM "logger.dtd">
<log>
<record>
  <date>2019-04-05T00:03:04.580-0300</date>
  <logger>CILAS MEDEIROS DE FARIAS MARQUES</logger>
  <level>FINE</level>
  <message>File 118110386-CILAS MEDEIROS DE FARIAS MARQUES.zip was received. It was sent by CILAS MEDEIROS DE FARIAS MARQUES from IP 10.0.0.105</message>
</record>
</log>
<?xml version="1.0" encoding="UTF-8" standalone="no"?>
<!DOCTYPE log SYSTEM "logger.dtd">
<log>
<record>
  <date>2019-04-05T00:05:28.576-0300</date>
  <logger>CILAS MEDEIROS DE FARIAS MARQUES</logger>
  <level>FINE</level>
  <message>File 118110386-CILAS MEDEIROS DE FARIAS MARQUES.zip was received. It was sent by CILAS MEDEIROS DE FARIAS MARQUES from IP 10.0.0.105</message>
</record>
</log>
<?xml version="1.0" encoding="UTF-8" standalone="no"?>
<!DOCTYPE log SYSTEM "logger.dtd">
<log>
<record>
  <date>2019-04-05T00:06:31.213-0300</date>
  <logger>CILAS MEDEIROS DE FARIAS MARQUES</logger>
  <level>FINE</level>
  <message>File 118110386-CILAS MEDEIROS DE FARIAS MARQUES.zip was received. It was sent by CILAS MEDEIROS DE FARIAS MARQUES from IP 10.0.0.105</message>
</record>
</log>
<?xml version="1.0" encoding="UTF-8" standalone="no"?>
<!DOCTYPE log SYSTEM "logger.dtd">
<log>
<record>
  <date>2019-04-05T00:08:06.594-0300</date>
  <logger>CILAS MEDEIROS DE FARIAS MARQUES</logger>
  <level>FINE</level>
  <message>File 118110386-CILAS MEDEIROS DE FARIAS MARQUES.zip was received. It was sent by CILAS MEDEIROS DE FARIAS MARQUES from IP 10.0.0.105</message>
</record>
