<?xml version="1.0" encoding="UTF-8" standalone="no"?>
<!DOCTYPE log SYSTEM "logger.dtd">
<log>
<record>
  <date>2019-04-22T16:09:01.236-0300</date>
  <logger>CILAS MEDEIROS DE FARIAS MARQUES</logger>
  <level>FINE</level>
  <message>File 118110386-CILAS MEDEIROS DE FARIAS MARQUES.zip was received. It was sent by CILAS MEDEIROS DE FARIAS MARQUES from IP 150.165.42.216</message>
</record>
</log>
<?xml version="1.0" encoding="UTF-8" standalone="no"?>
<!DOCTYPE log SYSTEM "logger.dtd">
<log>
<record>
  <date>2019-04-22T22:11:46.584-0300</date>
  <logger>CILAS MEDEIROS DE FARIAS MARQUES</logger>
  <level>FINE</level>
  <message>File 118110386-CILAS MEDEIROS DE FARIAS MARQUES.zip was received. It was sent by CILAS MEDEIROS DE FARIAS MARQUES from IP 10.0.0.107</message>
</record>
</log>
<?xml version="1.0" encoding="UTF-8" standalone="no"?>
<!DOCTYPE log SYSTEM "logger.dtd">
<log>
<record>
  <date>2019-04-22T23:53:29.678-0300</date>
  <logger>CILAS MEDEIROS DE FARIAS MARQUES</logger>
  <level>FINE</level>
  <message>File 118110386-CILAS MEDEIROS DE FARIAS MARQUES.zip was received. It was sent by CILAS MEDEIROS DE FARIAS MARQUES from IP 10.0.0.107</message>
</record>
</log>
<?xml version="1.0" encoding="UTF-8" standalone="no"?>
<!DOCTYPE log SYSTEM "logger.dtd">
<log>
<record>
  <date>2019-04-23T03:48:52.791-0300</date>
  <logger>CILAS MEDEIROS DE FARIAS MARQUES</logger>
  <level>FINE</level>
  <message>File 118110386-CILAS MEDEIROS DE FARIAS MARQUES.zip was received. It was sent by CILAS MEDEIROS DE FARIAS MARQUES from IP 10.0.0.107</message>
</record>
